current directory: /Users/ty/Documents/repo/Ruby/rails6sample/rails6App/vender/bundle/ruby/3.2.0/gems/date-3.3.4/ext/date
/Users/ty/.rbenv/versions/3.2.3/bin/ruby extconf.rb
checking for rb_category_warn()... yes
checking for timezone in time.h with  -Werror... yes
checking for altzone in time.h with  -Werror... no
creating Makefile

current directory: /Users/ty/Documents/repo/Ruby/rails6sample/rails6App/vender/bundle/ruby/3.2.0/gems/date-3.3.4/ext/date
make DESTDIR\= sitearchdir\=./.gem.20240304-49583-rar97z sitelibdir\=./.gem.20240304-49583-rar97z clean

current directory: /Users/ty/Documents/repo/Ruby/rails6sample/rails6App/vender/bundle/ruby/3.2.0/gems/date-3.3.4/ext/date
make DESTDIR\= sitearchdir\=./.gem.20240304-49583-rar97z sitelibdir\=./.gem.20240304-49583-rar97z
compiling date_core.c
compiling date_parse.c
compiling date_strftime.c
compiling date_strptime.c
linking shared-object date_core.bundle
ld: warning: ignoring duplicate libraries: '-lruby.3.2'

current directory: /Users/ty/Documents/repo/Ruby/rails6sample/rails6App/vender/bundle/ruby/3.2.0/gems/date-3.3.4/ext/date
make DESTDIR\= sitearchdir\=./.gem.20240304-49583-rar97z sitelibdir\=./.gem.20240304-49583-rar97z install
/usr/bin/install -c -m 0755 date_core.bundle ./.gem.20240304-49583-rar97z

current directory: /Users/ty/Documents/repo/Ruby/rails6sample/rails6App/vender/bundle/ruby/3.2.0/gems/date-3.3.4/ext/date
make DESTDIR\= sitearchdir\=./.gem.20240304-49583-rar97z sitelibdir\=./.gem.20240304-49583-rar97z clean
