current directory: /Users/ty/Documents/repo/Ruby/rails6sample/rails6App/vender/bundle/ruby/3.2.0/gems/msgpack-1.7.2/ext/msgpack
/Users/ty/.rbenv/versions/3.2.3/bin/ruby extconf.rb
checking for rb_enc_interned_str() in ruby.h... yes
checking for rb_hash_new_capa() in ruby.h... yes
checking for rb_proc_call_with_block() in ruby.h... yes
checking for whether -fvisibility=hidden is accepted as CFLAGS... yes
checking for whether -I.. is accepted as CFLAGS... yes
checking for whether -Wall is accepted as CFLAGS... yes
checking for whether -O3 is accepted as CFLAGS... yes
checking for whether -std=gnu99 is accepted as CFLAGS... yes
checking for whether -ggdb3 is accepted as CFLAGS... yes
checking for whether -DHASH_ASET_DEDUPE=1 is accepted as CFLAGS... yes
checking for whether -DSTR_UMINUS_DEDUPE_FROZEN=1 is accepted as CFLAGS... yes
creating Makefile

current directory: /Users/ty/Documents/repo/Ruby/rails6sample/rails6App/vender/bundle/ruby/3.2.0/gems/msgpack-1.7.2/ext/msgpack
make DESTDIR\= sitearchdir\=./.gem.20240304-49583-kai9ae sitelibdir\=./.gem.20240304-49583-kai9ae clean

current directory: /Users/ty/Documents/repo/Ruby/rails6sample/rails6App/vender/bundle/ruby/3.2.0/gems/msgpack-1.7.2/ext/msgpack
make DESTDIR\= sitearchdir\=./.gem.20240304-49583-kai9ae sitelibdir\=./.gem.20240304-49583-kai9ae
compiling buffer.c
compiling buffer_class.c
compiling extension_value_class.c
compiling factory_class.c
compiling packer.c
compiling packer_class.c
compiling packer_ext_registry.c
compiling rbinit.c
compiling rmem.c
compiling unpacker.c
compiling unpacker_class.c
compiling unpacker_ext_registry.c
linking shared-object msgpack/msgpack.bundle
ld: warning: ignoring duplicate libraries: '-lruby.3.2'

current directory: /Users/ty/Documents/repo/Ruby/rails6sample/rails6App/vender/bundle/ruby/3.2.0/gems/msgpack-1.7.2/ext/msgpack
make DESTDIR\= sitearchdir\=./.gem.20240304-49583-kai9ae sitelibdir\=./.gem.20240304-49583-kai9ae install
/usr/bin/install -c -m 0755 msgpack.bundle ./.gem.20240304-49583-kai9ae/msgpack

current directory: /Users/ty/Documents/repo/Ruby/rails6sample/rails6App/vender/bundle/ruby/3.2.0/gems/msgpack-1.7.2/ext/msgpack
make DESTDIR\= sitearchdir\=./.gem.20240304-49583-kai9ae sitelibdir\=./.gem.20240304-49583-kai9ae clean
